{"D:\\Microverse\\Module 2\\Projects\\ToDolist-Webpack\\src\\modules\\localStorage.js": {"path":"D:\\Microverse\\Module 2\\Projects\\ToDolist-Webpack\\src\\modules\\localStorage.js","statementMap":{"0":{"start":{"line":1,"column":16},"end":{"line":1,"column":18}},"1":{"start":{"line":2,"column":35},"end":{"line":2,"column":91}},"2":{"start":{"line":2,"column":41},"end":{"line":2,"column":91}},"3":{"start":{"line":6,"column":22},"end":{"line":6,"column":49}},"4":{"start":{"line":7,"column":4},"end":{"line":7,"column":25}},"5":{"start":{"line":8,"column":4},"end":{"line":8,"column":65}},"6":{"start":{"line":12,"column":4},"end":{"line":16,"column":5}},"7":{"start":{"line":13,"column":6},"end":{"line":13,"column":67}},"8":{"start":{"line":15,"column":6},"end":{"line":15,"column":64}},"9":{"start":{"line":17,"column":4},"end":{"line":17,"column":21}},"10":{"start":{"line":21,"column":22},"end":{"line":21,"column":49}},"11":{"start":{"line":22,"column":4},"end":{"line":27,"column":7}},"12":{"start":{"line":23,"column":6},"end":{"line":26,"column":7}},"13":{"start":{"line":24,"column":8},"end":{"line":24,"column":35}},"14":{"start":{"line":25,"column":8},"end":{"line":25,"column":69}},"15":{"start":{"line":29,"column":4},"end":{"line":29,"column":30}},"16":{"start":{"line":33,"column":22},"end":{"line":33,"column":49}},"17":{"start":{"line":34,"column":4},"end":{"line":37,"column":7}},"18":{"start":{"line":35,"column":6},"end":{"line":35,"column":29}},"19":{"start":{"line":36,"column":6},"end":{"line":36,"column":67}},"20":{"start":{"line":41,"column":22},"end":{"line":41,"column":49}},"21":{"start":{"line":42,"column":4},"end":{"line":47,"column":5}},"22":{"start":{"line":42,"column":17},"end":{"line":42,"column":18}},"23":{"start":{"line":43,"column":6},"end":{"line":46,"column":7}},"24":{"start":{"line":44,"column":8},"end":{"line":44,"column":47}},"25":{"start":{"line":45,"column":8},"end":{"line":45,"column":69}},"26":{"start":{"line":51,"column":22},"end":{"line":51,"column":49}},"27":{"start":{"line":52,"column":4},"end":{"line":56,"column":5}},"28":{"start":{"line":52,"column":17},"end":{"line":52,"column":18}},"29":{"start":{"line":53,"column":6},"end":{"line":55,"column":7}},"30":{"start":{"line":54,"column":8},"end":{"line":54,"column":57}},"31":{"start":{"line":57,"column":4},"end":{"line":57,"column":65}}},"fnMap":{"0":{"name":"(anonymous_0)","decl":{"start":{"line":2,"column":35},"end":{"line":2,"column":36}},"loc":{"start":{"line":2,"column":41},"end":{"line":2,"column":91}},"line":2},"1":{"name":"(anonymous_1)","decl":{"start":{"line":5,"column":2},"end":{"line":5,"column":3}},"loc":{"start":{"line":5,"column":28},"end":{"line":9,"column":3}},"line":5},"2":{"name":"(anonymous_2)","decl":{"start":{"line":11,"column":2},"end":{"line":11,"column":3}},"loc":{"start":{"line":11,"column":24},"end":{"line":18,"column":3}},"line":11},"3":{"name":"(anonymous_3)","decl":{"start":{"line":20,"column":2},"end":{"line":20,"column":3}},"loc":{"start":{"line":20,"column":34},"end":{"line":30,"column":3}},"line":20},"4":{"name":"(anonymous_4)","decl":{"start":{"line":22,"column":22},"end":{"line":22,"column":23}},"loc":{"start":{"line":22,"column":39},"end":{"line":27,"column":5}},"line":22},"5":{"name":"(anonymous_5)","decl":{"start":{"line":32,"column":2},"end":{"line":32,"column":3}},"loc":{"start":{"line":32,"column":22},"end":{"line":38,"column":3}},"line":32},"6":{"name":"(anonymous_6)","decl":{"start":{"line":34,"column":22},"end":{"line":34,"column":23}},"loc":{"start":{"line":34,"column":39},"end":{"line":37,"column":5}},"line":34},"7":{"name":"(anonymous_7)","decl":{"start":{"line":40,"column":2},"end":{"line":40,"column":3}},"loc":{"start":{"line":40,"column":40},"end":{"line":48,"column":3}},"line":40},"8":{"name":"(anonymous_8)","decl":{"start":{"line":50,"column":2},"end":{"line":50,"column":3}},"loc":{"start":{"line":50,"column":29},"end":{"line":58,"column":3}},"line":50}},"branchMap":{"0":{"loc":{"start":{"line":2,"column":41},"end":{"line":2,"column":91}},"type":"binary-expr","locations":[{"start":{"line":2,"column":41},"end":{"line":2,"column":85}},{"start":{"line":2,"column":89},"end":{"line":2,"column":91}}],"line":2},"1":{"loc":{"start":{"line":12,"column":4},"end":{"line":16,"column":5}},"type":"if","locations":[{"start":{"line":12,"column":4},"end":{"line":16,"column":5}},{"start":{"line":14,"column":11},"end":{"line":16,"column":5}}],"line":12},"2":{"loc":{"start":{"line":23,"column":6},"end":{"line":26,"column":7}},"type":"if","locations":[{"start":{"line":23,"column":6},"end":{"line":26,"column":7}},{"start":{},"end":{}}],"line":23},"3":{"loc":{"start":{"line":43,"column":6},"end":{"line":46,"column":7}},"type":"if","locations":[{"start":{"line":43,"column":6},"end":{"line":46,"column":7}},{"start":{},"end":{}}],"line":43},"4":{"loc":{"start":{"line":53,"column":6},"end":{"line":55,"column":7}},"type":"if","locations":[{"start":{"line":53,"column":6},"end":{"line":55,"column":7}},{"start":{},"end":{}}],"line":53}},"s":{"0":1,"1":1,"2":0,"3":0,"4":0,"5":0,"6":0,"7":0,"8":0,"9":0,"10":0,"11":0,"12":0,"13":0,"14":0,"15":0,"16":0,"17":0,"18":0,"19":0,"20":0,"21":0,"22":0,"23":0,"24":0,"25":0,"26":0,"27":0,"28":0,"29":0,"30":0,"31":0},"f":{"0":0,"1":0,"2":0,"3":0,"4":0,"5":0,"6":0,"7":0,"8":0},"b":{"0":[0,0],"1":[0,0],"2":[0,0],"3":[0,0],"4":[0,0]},"_coverageSchema":"1a1c01bbd47fc00a2c39e90264f33305004495a9","hash":"9f0f48b8e6530069e86c8c8267fd58b39593f7bb"}
,"D:\\Microverse\\Module 2\\Projects\\ToDolist-Webpack\\src\\modules\\ui.js": {"path":"D:\\Microverse\\Module 2\\Projects\\ToDolist-Webpack\\src\\modules\\ui.js","statementMap":{"0":{"start":{"line":7,"column":4},"end":{"line":7,"column":74}},"1":{"start":{"line":7,"column":23},"end":{"line":7,"column":73}},"2":{"start":{"line":10,"column":18},"end":{"line":25,"column":3}},"3":{"start":{"line":11,"column":24},"end":{"line":11,"column":61}},"4":{"start":{"line":12,"column":21},"end":{"line":12,"column":49}},"5":{"start":{"line":13,"column":4},"end":{"line":13,"column":31}},"6":{"start":{"line":14,"column":4},"end":{"line":14,"column":34}},"7":{"start":{"line":15,"column":4},"end":{"line":23,"column":10}},"8":{"start":{"line":24,"column":4},"end":{"line":24,"column":38}},"9":{"start":{"line":28,"column":22},"end":{"line":28,"column":49}},"10":{"start":{"line":30,"column":4},"end":{"line":30,"column":55}},"11":{"start":{"line":30,"column":32},"end":{"line":30,"column":53}},"12":{"start":{"line":34,"column":4},"end":{"line":34,"column":47}},"13":{"start":{"line":38,"column":19},"end":{"line":40,"column":40}},"14":{"start":{"line":41,"column":4},"end":{"line":55,"column":7}},"15":{"start":{"line":42,"column":6},"end":{"line":54,"column":9}},"16":{"start":{"line":43,"column":26},"end":{"line":43,"column":53}},"17":{"start":{"line":44,"column":24},"end":{"line":44,"column":46}},"18":{"start":{"line":46,"column":8},"end":{"line":48,"column":9}},"19":{"start":{"line":47,"column":10},"end":{"line":47,"column":41}},"20":{"start":{"line":49,"column":8},"end":{"line":49,"column":69}},"21":{"start":{"line":51,"column":8},"end":{"line":53,"column":10}},"22":{"start":{"line":59,"column":24},"end":{"line":59,"column":94}},"23":{"start":{"line":61,"column":4},"end":{"line":68,"column":7}},"24":{"start":{"line":62,"column":6},"end":{"line":67,"column":9}},"25":{"start":{"line":63,"column":8},"end":{"line":66,"column":10}}},"fnMap":{"0":{"name":"(anonymous_0)","decl":{"start":{"line":6,"column":2},"end":{"line":6,"column":3}},"loc":{"start":{"line":6,"column":16},"end":{"line":8,"column":3}},"line":6},"1":{"name":"(anonymous_1)","decl":{"start":{"line":7,"column":17},"end":{"line":7,"column":18}},"loc":{"start":{"line":7,"column":23},"end":{"line":7,"column":73}},"line":7},"2":{"name":"(anonymous_2)","decl":{"start":{"line":10,"column":18},"end":{"line":10,"column":19}},"loc":{"start":{"line":10,"column":28},"end":{"line":25,"column":3}},"line":10},"3":{"name":"(anonymous_3)","decl":{"start":{"line":27,"column":2},"end":{"line":27,"column":3}},"loc":{"start":{"line":27,"column":25},"end":{"line":31,"column":3}},"line":27},"4":{"name":"(anonymous_4)","decl":{"start":{"line":30,"column":22},"end":{"line":30,"column":23}},"loc":{"start":{"line":30,"column":32},"end":{"line":30,"column":53}},"line":30},"5":{"name":"(anonymous_5)","decl":{"start":{"line":33,"column":2},"end":{"line":33,"column":3}},"loc":{"start":{"line":33,"column":23},"end":{"line":35,"column":3}},"line":33},"6":{"name":"(anonymous_6)","decl":{"start":{"line":37,"column":2},"end":{"line":37,"column":3}},"loc":{"start":{"line":37,"column":27},"end":{"line":56,"column":3}},"line":37},"7":{"name":"(anonymous_7)","decl":{"start":{"line":41,"column":19},"end":{"line":41,"column":20}},"loc":{"start":{"line":41,"column":28},"end":{"line":55,"column":5}},"line":41},"8":{"name":"(anonymous_8)","decl":{"start":{"line":42,"column":36},"end":{"line":42,"column":37}},"loc":{"start":{"line":42,"column":43},"end":{"line":54,"column":7}},"line":42},"9":{"name":"(anonymous_9)","decl":{"start":{"line":58,"column":2},"end":{"line":58,"column":3}},"loc":{"start":{"line":58,"column":22},"end":{"line":69,"column":3}},"line":58},"10":{"name":"(anonymous_10)","decl":{"start":{"line":61,"column":24},"end":{"line":61,"column":25}},"loc":{"start":{"line":61,"column":37},"end":{"line":68,"column":5}},"line":61},"11":{"name":"(anonymous_11)","decl":{"start":{"line":62,"column":41},"end":{"line":62,"column":42}},"loc":{"start":{"line":62,"column":48},"end":{"line":67,"column":7}},"line":62}},"branchMap":{"0":{"loc":{"start":{"line":7,"column":23},"end":{"line":7,"column":73}},"type":"binary-expr","locations":[{"start":{"line":7,"column":23},"end":{"line":7,"column":67}},{"start":{"line":7,"column":71},"end":{"line":7,"column":73}}],"line":7},"1":{"loc":{"start":{"line":46,"column":8},"end":{"line":48,"column":9}},"type":"if","locations":[{"start":{"line":46,"column":8},"end":{"line":48,"column":9}},{"start":{},"end":{}}],"line":46}},"s":{"0":1,"1":0,"2":1,"3":1,"4":1,"5":1,"6":1,"7":1,"8":1,"9":0,"10":0,"11":0,"12":0,"13":0,"14":0,"15":0,"16":0,"17":0,"18":0,"19":0,"20":0,"21":0,"22":0,"23":0,"24":0,"25":0},"f":{"0":1,"1":0,"2":1,"3":0,"4":0,"5":0,"6":0,"7":0,"8":0,"9":0,"10":0,"11":0},"b":{"0":[0,0],"1":[0,0]},"_coverageSchema":"1a1c01bbd47fc00a2c39e90264f33305004495a9","hash":"0285583971fea508ddd16a11c04fadf4f09084ba"}
}
